Building DAG of jobs...
Using shell: /usr/bin/bash
Provided cores: 16
Rules claiming more threads will be scaled down.
Job counts:
	count	jobs
	1	all
	1	catAlleleCountFiles
	4	combineTitanAndIchorCNA
	1	copyOptSolution
	23	getAlleleCountsByChr
	23	getHETsites
	1	ichorCNA
	2	read_counter
	4	runTitanCNA
	1	selectSolution
	61

[Sun Jun 21 06:31:03 2020]
rule getHETsites:
    input: /proj/sc_ml/Tirosh/bulk-wes/CY79/79_Normal.bam
    output: /proj/sc_ml/Tirosh/bulk-wes/CY79/cna/results/titan/hetPosns/tumor_sample_1/tumor_sample_1.chr18.vcf
    log: /proj/sc_ml/Tirosh/bulk-wes/CY79/cna/logs/titan/hetPosns/tumor_sample_1/tumor_sample_1.chr18.log
    jobid: 55
    wildcards: tumor=tumor_sample_1, chr=18


[Sun Jun 21 06:31:03 2020]
rule getHETsites:
    input: /proj/sc_ml/Tirosh/bulk-wes/CY79/79_Normal.bam
    output: /proj/sc_ml/Tirosh/bulk-wes/CY79/cna/results/titan/hetPosns/tumor_sample_1/tumor_sample_1.chr13.vcf
    log: /proj/sc_ml/Tirosh/bulk-wes/CY79/cna/logs/titan/hetPosns/tumor_sample_1/tumor_sample_1.chr13.log
    jobid: 50
    wildcards: tumor=tumor_sample_1, chr=13


[Sun Jun 21 06:31:03 2020]
rule getHETsites:
    input: /proj/sc_ml/Tirosh/bulk-wes/CY79/79_Normal.bam
    output: /proj/sc_ml/Tirosh/bulk-wes/CY79/cna/results/titan/hetPosns/tumor_sample_1/tumor_sample_1.chr20.vcf
    log: /proj/sc_ml/Tirosh/bulk-wes/CY79/cna/logs/titan/hetPosns/tumor_sample_1/tumor_sample_1.chr20.log
    jobid: 57
    wildcards: tumor=tumor_sample_1, chr=20


[Sun Jun 21 06:31:03 2020]
rule getHETsites:
    input: /proj/sc_ml/Tirosh/bulk-wes/CY79/79_Normal.bam
    output: /proj/sc_ml/Tirosh/bulk-wes/CY79/cna/results/titan/hetPosns/tumor_sample_1/tumor_sample_1.chr2.vcf
    log: /proj/sc_ml/Tirosh/bulk-wes/CY79/cna/logs/titan/hetPosns/tumor_sample_1/tumor_sample_1.chr2.log
    jobid: 39
    wildcards: tumor=tumor_sample_1, chr=2


[Sun Jun 21 06:31:03 2020]
rule getHETsites:
    input: /proj/sc_ml/Tirosh/bulk-wes/CY79/79_Normal.bam
    output: /proj/sc_ml/Tirosh/bulk-wes/CY79/cna/results/titan/hetPosns/tumor_sample_1/tumor_sample_1.chr17.vcf
    log: /proj/sc_ml/Tirosh/bulk-wes/CY79/cna/logs/titan/hetPosns/tumor_sample_1/tumor_sample_1.chr17.log
    jobid: 54
    wildcards: tumor=tumor_sample_1, chr=17


[Sun Jun 21 06:31:03 2020]
rule getHETsites:
    input: /proj/sc_ml/Tirosh/bulk-wes/CY79/79_Normal.bam
    output: /proj/sc_ml/Tirosh/bulk-wes/CY79/cna/results/titan/hetPosns/tumor_sample_1/tumor_sample_1.chr3.vcf
    log: /proj/sc_ml/Tirosh/bulk-wes/CY79/cna/logs/titan/hetPosns/tumor_sample_1/tumor_sample_1.chr3.log
    jobid: 40
    wildcards: tumor=tumor_sample_1, chr=3


[Sun Jun 21 06:31:03 2020]
rule getHETsites:
    input: /proj/sc_ml/Tirosh/bulk-wes/CY79/79_Normal.bam
    output: /proj/sc_ml/Tirosh/bulk-wes/CY79/cna/results/titan/hetPosns/tumor_sample_1/tumor_sample_1.chr1.vcf
    log: /proj/sc_ml/Tirosh/bulk-wes/CY79/cna/logs/titan/hetPosns/tumor_sample_1/tumor_sample_1.chr1.log
    jobid: 38
    wildcards: tumor=tumor_sample_1, chr=1


[Sun Jun 21 06:31:03 2020]
rule getHETsites:
    input: /proj/sc_ml/Tirosh/bulk-wes/CY79/79_Normal.bam
    output: /proj/sc_ml/Tirosh/bulk-wes/CY79/cna/results/titan/hetPosns/tumor_sample_1/tumor_sample_1.chr19.vcf
    log: /proj/sc_ml/Tirosh/bulk-wes/CY79/cna/logs/titan/hetPosns/tumor_sample_1/tumor_sample_1.chr19.log
    jobid: 56
    wildcards: tumor=tumor_sample_1, chr=19


[Sun Jun 21 06:31:03 2020]
rule getHETsites:
    input: /proj/sc_ml/Tirosh/bulk-wes/CY79/79_Normal.bam
    output: /proj/sc_ml/Tirosh/bulk-wes/CY79/cna/results/titan/hetPosns/tumor_sample_1/tumor_sample_1.chr9.vcf
    log: /proj/sc_ml/Tirosh/bulk-wes/CY79/cna/logs/titan/hetPosns/tumor_sample_1/tumor_sample_1.chr9.log
    jobid: 46
    wildcards: tumor=tumor_sample_1, chr=9


[Sun Jun 21 06:31:03 2020]
rule getHETsites:
    input: /proj/sc_ml/Tirosh/bulk-wes/CY79/79_Normal.bam
    output: /proj/sc_ml/Tirosh/bulk-wes/CY79/cna/results/titan/hetPosns/tumor_sample_1/tumor_sample_1.chr5.vcf
    log: /proj/sc_ml/Tirosh/bulk-wes/CY79/cna/logs/titan/hetPosns/tumor_sample_1/tumor_sample_1.chr5.log
    jobid: 42
    wildcards: tumor=tumor_sample_1, chr=5


[Sun Jun 21 06:31:03 2020]
rule getHETsites:
    input: /proj/sc_ml/Tirosh/bulk-wes/CY79/79_Normal.bam
    output: /proj/sc_ml/Tirosh/bulk-wes/CY79/cna/results/titan/hetPosns/tumor_sample_1/tumor_sample_1.chrX.vcf
    log: /proj/sc_ml/Tirosh/bulk-wes/CY79/cna/logs/titan/hetPosns/tumor_sample_1/tumor_sample_1.chrX.log
    jobid: 60
    wildcards: tumor=tumor_sample_1, chr=X


[Sun Jun 21 06:31:03 2020]
rule getHETsites:
    input: /proj/sc_ml/Tirosh/bulk-wes/CY79/79_Normal.bam
    output: /proj/sc_ml/Tirosh/bulk-wes/CY79/cna/results/titan/hetPosns/tumor_sample_1/tumor_sample_1.chr7.vcf
    log: /proj/sc_ml/Tirosh/bulk-wes/CY79/cna/logs/titan/hetPosns/tumor_sample_1/tumor_sample_1.chr7.log
    jobid: 44
    wildcards: tumor=tumor_sample_1, chr=7


[Sun Jun 21 06:31:03 2020]
rule getHETsites:
    input: /proj/sc_ml/Tirosh/bulk-wes/CY79/79_Normal.bam
    output: /proj/sc_ml/Tirosh/bulk-wes/CY79/cna/results/titan/hetPosns/tumor_sample_1/tumor_sample_1.chr8.vcf
    log: /proj/sc_ml/Tirosh/bulk-wes/CY79/cna/logs/titan/hetPosns/tumor_sample_1/tumor_sample_1.chr8.log
    jobid: 45
    wildcards: tumor=tumor_sample_1, chr=8


[Sun Jun 21 06:31:03 2020]
rule getHETsites:
    input: /proj/sc_ml/Tirosh/bulk-wes/CY79/79_Normal.bam
    output: /proj/sc_ml/Tirosh/bulk-wes/CY79/cna/results/titan/hetPosns/tumor_sample_1/tumor_sample_1.chr10.vcf
    log: /proj/sc_ml/Tirosh/bulk-wes/CY79/cna/logs/titan/hetPosns/tumor_sample_1/tumor_sample_1.chr10.log
    jobid: 47
    wildcards: tumor=tumor_sample_1, chr=10


[Sun Jun 21 06:31:03 2020]
rule getHETsites:
    input: /proj/sc_ml/Tirosh/bulk-wes/CY79/79_Normal.bam
    output: /proj/sc_ml/Tirosh/bulk-wes/CY79/cna/results/titan/hetPosns/tumor_sample_1/tumor_sample_1.chr12.vcf
    log: /proj/sc_ml/Tirosh/bulk-wes/CY79/cna/logs/titan/hetPosns/tumor_sample_1/tumor_sample_1.chr12.log
    jobid: 49
    wildcards: tumor=tumor_sample_1, chr=12


[Sun Jun 21 06:31:03 2020]
rule getHETsites:
    input: /proj/sc_ml/Tirosh/bulk-wes/CY79/79_Normal.bam
    output: /proj/sc_ml/Tirosh/bulk-wes/CY79/cna/results/titan/hetPosns/tumor_sample_1/tumor_sample_1.chr21.vcf
    log: /proj/sc_ml/Tirosh/bulk-wes/CY79/cna/logs/titan/hetPosns/tumor_sample_1/tumor_sample_1.chr21.log
    jobid: 58
    wildcards: tumor=tumor_sample_1, chr=21

[Sun Jun 21 06:31:24 2020]
Finished job 58.
1 of 61 steps (2%) done

[Sun Jun 21 06:31:24 2020]
rule getHETsites:
    input: /proj/sc_ml/Tirosh/bulk-wes/CY79/79_Normal.bam
    output: /proj/sc_ml/Tirosh/bulk-wes/CY79/cna/results/titan/hetPosns/tumor_sample_1/tumor_sample_1.chr4.vcf
    log: /proj/sc_ml/Tirosh/bulk-wes/CY79/cna/logs/titan/hetPosns/tumor_sample_1/tumor_sample_1.chr4.log
    jobid: 41
    wildcards: tumor=tumor_sample_1, chr=4

[Sun Jun 21 06:31:38 2020]
Finished job 60.
2 of 61 steps (3%) done

[Sun Jun 21 06:31:38 2020]
rule getHETsites:
    input: /proj/sc_ml/Tirosh/bulk-wes/CY79/79_Normal.bam
    output: /proj/sc_ml/Tirosh/bulk-wes/CY79/cna/results/titan/hetPosns/tumor_sample_1/tumor_sample_1.chr16.vcf
    log: /proj/sc_ml/Tirosh/bulk-wes/CY79/cna/logs/titan/hetPosns/tumor_sample_1/tumor_sample_1.chr16.log
    jobid: 53
    wildcards: tumor=tumor_sample_1, chr=16

[Sun Jun 21 06:31:38 2020]
Finished job 55.
3 of 61 steps (5%) done

[Sun Jun 21 06:31:38 2020]
rule getHETsites:
    input: /proj/sc_ml/Tirosh/bulk-wes/CY79/79_Normal.bam
    output: /proj/sc_ml/Tirosh/bulk-wes/CY79/cna/results/titan/hetPosns/tumor_sample_1/tumor_sample_1.chr6.vcf
    log: /proj/sc_ml/Tirosh/bulk-wes/CY79/cna/logs/titan/hetPosns/tumor_sample_1/tumor_sample_1.chr6.log
    jobid: 43
    wildcards: tumor=tumor_sample_1, chr=6

[Sun Jun 21 06:31:42 2020]
Finished job 50.
4 of 61 steps (7%) done

[Sun Jun 21 06:31:42 2020]
rule getHETsites:
    input: /proj/sc_ml/Tirosh/bulk-wes/CY79/79_Normal.bam
    output: /proj/sc_ml/Tirosh/bulk-wes/CY79/cna/results/titan/hetPosns/tumor_sample_1/tumor_sample_1.chr22.vcf
    log: /proj/sc_ml/Tirosh/bulk-wes/CY79/cna/logs/titan/hetPosns/tumor_sample_1/tumor_sample_1.chr22.log
    jobid: 59
    wildcards: tumor=tumor_sample_1, chr=22

[Sun Jun 21 06:31:45 2020]
Finished job 57.
5 of 61 steps (8%) done

[Sun Jun 21 06:31:45 2020]
rule read_counter:
    input: /proj/sc_ml/Tirosh/bulk-wes/CY79/79_Normal.bam
    output: /proj/sc_ml/Tirosh/bulk-wes/CY79/cna/results/readDepth/normal_sample_1.bin10000.wig
    log: /proj/sc_ml/Tirosh/bulk-wes/CY79/cna/logs/readDepth/normal_sample_1.bin10000.log
    jobid: 37
    wildcards: samples=normal_sample_1, binSize=10000
    resources: mem=4

[Sun Jun 21 06:31:45 2020]
Error in rule read_counter:
    jobid: 37
    output: /proj/sc_ml/Tirosh/bulk-wes/CY79/cna/results/readDepth/normal_sample_1.bin10000.wig
    log: /proj/sc_ml/Tirosh/bulk-wes/CY79/cna/logs/readDepth/normal_sample_1.bin10000.log (check log file(s) for error message)
    shell:
        /home/x_seoju/hmmcopy_utils/bin/readCounter /proj/sc_ml/Tirosh/bulk-wes/CY79/79_Normal.bam -c 1,2,3,4,5,6,7,8,9,10,11,12,13,14,15,16,17,18,19,20,21,22,X,Y -w 10000 -q 20 > /proj/sc_ml/Tirosh/bulk-wes/CY79/cna/results/readDepth/normal_sample_1.bin10000.wig 2> /proj/sc_ml/Tirosh/bulk-wes/CY79/cna/logs/readDepth/normal_sample_1.bin10000.log
        (one of the commands exited with non-zero exit code; note that snakemake uses bash strict mode!)

Removing output files of failed job read_counter since they might be corrupted:
/proj/sc_ml/Tirosh/bulk-wes/CY79/cna/results/readDepth/normal_sample_1.bin10000.wig
[Sun Jun 21 06:32:08 2020]
Finished job 45.
6 of 61 steps (10%) done
[Sun Jun 21 06:32:09 2020]
Finished job 56.
7 of 61 steps (11%) done
[Sun Jun 21 06:32:11 2020]
Finished job 46.
8 of 61 steps (13%) done
[Sun Jun 21 06:32:13 2020]
Finished job 54.
9 of 61 steps (15%) done
[Sun Jun 21 06:32:15 2020]
Finished job 59.
10 of 61 steps (16%) done
[Sun Jun 21 06:32:15 2020]
Finished job 47.
11 of 61 steps (18%) done
[Sun Jun 21 06:32:22 2020]
Finished job 49.
12 of 61 steps (20%) done
[Sun Jun 21 06:32:22 2020]
Finished job 42.
13 of 61 steps (21%) done
[Sun Jun 21 06:32:22 2020]
Finished job 44.
14 of 61 steps (23%) done
[Sun Jun 21 06:32:27 2020]
Finished job 40.
15 of 61 steps (25%) done
[Sun Jun 21 06:32:30 2020]
Finished job 41.
16 of 61 steps (26%) done
[Sun Jun 21 06:32:34 2020]
Finished job 53.
17 of 61 steps (28%) done
[Sun Jun 21 06:32:47 2020]
Finished job 39.
18 of 61 steps (30%) done
[Sun Jun 21 06:32:52 2020]
Finished job 43.
19 of 61 steps (31%) done
[Sun Jun 21 06:33:08 2020]
Finished job 38.
20 of 61 steps (33%) done
Shutting down, this might take some time.
Exiting because a job execution failed. Look above for error message
Complete log: /home/x_seoju/ScRNACloneEvaluation/scripts/.snakemake/log/2020-06-21T063102.387827.snakemake.log
